This is pdfTeX, Version 3.14159265-2.6-1.40.17 (TeX Live 2016) (preloaded format=pdflatex 2017.1.17)  8 FEB 2017 09:47
entering extended mode
 restricted \write18 enabled.
 %&-line parsing enabled.
**inf1820_ukesoppgaver6.tex
(./inf1820_ukesoppgaver6.tex
LaTeX2e <2016/03/31> patch level 3
Babel <3.9r> and hyphenation patterns for 83 language(s) loaded.
(/opt/texlive/uio-texmf/texmf-dist/tex/latex/base/article.cls
Document Class: article 2014/09/29 v1.4h Standard LaTeX document class
(/opt/texlive/uio-texmf/texmf-dist/tex/latex/base/size11.clo
File: size11.clo 2014/09/29 v1.4h Standard LaTeX file (size option)
)
\c@part=\count79
\c@section=\count80
\c@subsection=\count81
\c@subsubsection=\count82
\c@paragraph=\count83
\c@subparagraph=\count84
\c@figure=\count85
\c@table=\count86
\abovecaptionskip=\skip41
\belowcaptionskip=\skip42
\bibindent=\dimen102
)
(/opt/texlive/uio-texmf/texmf-dist/tex/latex/psnfss/times.sty
Package: times 2005/04/12 PSNFSS-v9.2a (SPQR) 
)
(/opt/texlive/uio-texmf/texmf-dist/tex/latex/url/url.sty
\Urlmuskip=\muskip10
Package: url 2013/09/16  ver 3.4  Verb mode for urls, etc.
)
(/opt/texlive/uio-texmf/texmf-dist/tex/latex/base/latexsym.sty
Package: latexsym 1998/08/17 v2.2e Standard LaTeX package (lasy symbols)
\symlasy=\mathgroup4
LaTeX Font Info:    Overwriting symbol font `lasy' in version `bold'
(Font)                  U/lasy/m/n --> U/lasy/b/n on input line 52.
)
(/opt/texlive/uio-texmf/texmf-dist/tex/latex/tree-dvips/tree-dvips.sty
tree-dvips version .91 of May 16, 1995
\nodemargin=\dimen103
\treelinewidth=\dimen104
\dashlength=\dimen105
\arrowwidth=\dimen106
\arrowlength=\dimen107
\arrowinset=\dimen108
\pos@t=\toks14
\pos@b=\toks15
\pos@l=\toks16
\pos@r=\toks17
\pos@tl=\toks18
\pos@tr=\toks19
\pos@bl=\toks20
\pos@br=\toks21
\@arrow=\count87
\@tempdimc=\dimen109
)
No file inf1820_ukesoppgaver6.aux.
\openout1 = `inf1820_ukesoppgaver6.aux'.

LaTeX Font Info:    Checking defaults for OML/cmm/m/it on input line 13.
LaTeX Font Info:    ... okay on input line 13.
LaTeX Font Info:    Checking defaults for T1/cmr/m/n on input line 13.
LaTeX Font Info:    ... okay on input line 13.
LaTeX Font Info:    Checking defaults for OT1/cmr/m/n on input line 13.
LaTeX Font Info:    ... okay on input line 13.
LaTeX Font Info:    Checking defaults for OMS/cmsy/m/n on input line 13.
LaTeX Font Info:    ... okay on input line 13.
LaTeX Font Info:    Checking defaults for OMX/cmex/m/n on input line 13.
LaTeX Font Info:    ... okay on input line 13.
LaTeX Font Info:    Checking defaults for U/cmr/m/n on input line 13.
LaTeX Font Info:    ... okay on input line 13.
LaTeX Font Info:    Try loading font information for OT1+ptm on input line 13.
(/opt/texlive/uio-texmf/texmf-dist/tex/latex/psnfss/ot1ptm.fd
File: ot1ptm.fd 2001/06/04 font definitions for OT1/ptm.
)
LaTeX Font Info:    External font `cmex10' loaded for size
(Font)              <12> on input line 14.
LaTeX Font Info:    External font `cmex10' loaded for size
(Font)              <8> on input line 14.
LaTeX Font Info:    External font `cmex10' loaded for size
(Font)              <6> on input line 14.
LaTeX Font Info:    Try loading font information for U+lasy on input line 14.

(/opt/texlive/uio-texmf/texmf-dist/tex/latex/base/ulasy.fd
File: ulasy.fd 1998/08/17 v2.2e LaTeX symbol font definitions
)

LaTeX Warning: No \author given.

LaTeX Font Info:    Font shape `OT1/ptm/bx/n' in size <10.95> not available
(Font)              Font shape `OT1/ptm/b/n' tried instead on input line 17.
LaTeX Font Info:    Try loading font information for OT1+pcr on input line 20.
(/opt/texlive/uio-texmf/texmf-dist/tex/latex/psnfss/ot1pcr.fd
File: ot1pcr.fd 2001/06/04 font definitions for OT1/pcr.
) [1


Non-PDF special ignored!{/opt/texlive/uio-texmf/texmf-var/fonts/map/pdftex/updm
ap/pdftex.map}] (./inf1820_ukesoppgaver6.aux) ) 
Here is how much of TeX's memory you used:
 472 strings out of 493013
 6157 string characters out of 6120476
 58099 words of memory out of 5000000
 4059 multiletter control sequences out of 15000+600000
 14496 words of font info for 38 fonts, out of 8000000 for 9000
 1141 hyphenation exceptions out of 8191
 21i,6n,19p,270b,258s stack positions out of 5000i,500n,10000p,200000b,80000s
{/opt/texlive/uio-texmf/texmf-di
st/fonts/enc/dvips/base/8r.enc}</opt/texlive/uio-texmf/texmf-dist/fonts/type1/u
rw/courier/ucrr8a.pfb></opt/texlive/uio-texmf/texmf-dist/fonts/type1/urw/times/
utmb8a.pfb></opt/texlive/uio-texmf/texmf-dist/fonts/type1/urw/times/utmr8a.pfb>
</opt/texlive/uio-texmf/texmf-dist/fonts/type1/urw/times/utmri8a.pfb>
Output written on inf1820_ukesoppgaver6.pdf (1 page, 42257 bytes).
PDF statistics:
 25 PDF objects out of 1000 (max. 8388607)
 17 compressed objects within 1 object stream
 0 named destinations out of 1000 (max. 500000)
 1 words of extra memory for PDF output out of 10000 (max. 10000000)

